c:\minh quan\study\object oriented programming\lab\24521459_bt07\bai04\x64\debug\vc143.pdb
c:\minh quan\study\object oriented programming\lab\24521459_bt07\bai04\x64\debug\vc143.idb
c:\minh quan\study\object oriented programming\lab\24521459_bt07\bai04\x64\debug\cngay.obj
c:\minh quan\study\object oriented programming\lab\24521459_bt07\bai04\x64\debug\cdiem.obj
c:\minh quan\study\object oriented programming\lab\24521459_bt07\bai04\x64\debug\cthoigian.obj
c:\minh quan\study\object oriented programming\lab\24521459_bt07\bai04\x64\debug\ctamgiac.obj
c:\minh quan\study\object oriented programming\lab\24521459_bt07\bai04\x64\debug\cdonthuc.obj
c:\minh quan\study\object oriented programming\lab\24521459_bt07\bai04\x64\debug\cdiemkhonggian.obj
c:\minh quan\study\object oriented programming\lab\24521459_bt07\bai04\x64\debug\chinhcau.obj
c:\minh quan\study\object oriented programming\lab\24521459_bt07\bai04\x64\debug\source.obj
c:\minh quan\study\object oriented programming\lab\24521459_bt07\bai04\x64\debug\cduongthang.obj
c:\minh quan\study\object oriented programming\lab\24521459_bt07\x64\debug\bai04.exe
c:\minh quan\study\object oriented programming\lab\24521459_bt07\x64\debug\bai04.pdb
c:\minh quan\study\object oriented programming\lab\24521459_bt07\bai04\x64\debug\bai04.ilk
c:\minh quan\study\object oriented programming\lab\24521459_bt07\bai04\x64\debug\bai04.tlog\cl.command.1.tlog
c:\minh quan\study\object oriented programming\lab\24521459_bt07\bai04\x64\debug\bai04.tlog\cl.items.tlog
c:\minh quan\study\object oriented programming\lab\24521459_bt07\bai04\x64\debug\bai04.tlog\cl.read.1.tlog
c:\minh quan\study\object oriented programming\lab\24521459_bt07\bai04\x64\debug\bai04.tlog\cl.write.1.tlog
c:\minh quan\study\object oriented programming\lab\24521459_bt07\bai04\x64\debug\bai04.tlog\link.command.1.tlog
c:\minh quan\study\object oriented programming\lab\24521459_bt07\bai04\x64\debug\bai04.tlog\link.read.1.tlog
c:\minh quan\study\object oriented programming\lab\24521459_bt07\bai04\x64\debug\bai04.tlog\link.secondary.1.tlog
c:\minh quan\study\object oriented programming\lab\24521459_bt07\bai04\x64\debug\bai04.tlog\link.write.1.tlog
