d:\study\object oriented programming\lab\24521459_bt05\bai03\x64\debug\vc143.pdb
d:\study\object oriented programming\lab\24521459_bt05\bai03\x64\debug\vc143.idb
d:\study\object oriented programming\lab\24521459_bt05\bai03\x64\debug\cphanso.obj
d:\study\object oriented programming\lab\24521459_bt05\bai03\x64\debug\source.obj
d:\study\object oriented programming\lab\24521459_bt05\x64\debug\bai03.exe
d:\study\object oriented programming\lab\24521459_bt05\x64\debug\bai03.pdb
d:\study\object oriented programming\lab\24521459_bt05\bai03\x64\debug\bai03.ilk
c:\minh quan\study\object oriented programming\lab\24521459_bt05\bai03\x64\debug\cphanso.obj
c:\minh quan\study\object oriented programming\lab\24521459_bt05\bai03\x64\debug\source.obj
c:\minh quan\study\object oriented programming\lab\24521459_bt05\bai03\x64\debug\bai03.ilk
c:\minh quan\study\object oriented programming\lab\24521459_bt05\bai03\x64\debug\vc143.idb
c:\minh quan\study\object oriented programming\lab\24521459_bt05\bai03\x64\debug\vc143.pdb
c:\minh quan\study\object oriented programming\lab\24521459_bt05\x64\debug\bai03.pdb
c:\minh quan\study\object oriented programming\lab\24521459_bt05\x64\debug\bai03.exe
c:\minh quan\study\object oriented programming\lab\24521459_bt05\bai03\x64\debug\bai03.tlog\cl.command.1.tlog
c:\minh quan\study\object oriented programming\lab\24521459_bt05\bai03\x64\debug\bai03.tlog\cl.items.tlog
c:\minh quan\study\object oriented programming\lab\24521459_bt05\bai03\x64\debug\bai03.tlog\cl.read.1.tlog
c:\minh quan\study\object oriented programming\lab\24521459_bt05\bai03\x64\debug\bai03.tlog\cl.write.1.tlog
c:\minh quan\study\object oriented programming\lab\24521459_bt05\bai03\x64\debug\bai03.tlog\link.command.1.tlog
c:\minh quan\study\object oriented programming\lab\24521459_bt05\bai03\x64\debug\bai03.tlog\link.read.1.tlog
c:\minh quan\study\object oriented programming\lab\24521459_bt05\bai03\x64\debug\bai03.tlog\link.secondary.1.tlog
c:\minh quan\study\object oriented programming\lab\24521459_bt05\bai03\x64\debug\bai03.tlog\link.write.1.tlog
